0 info it worked if it ends with ok
1 verbose cli [ '/usr/bin/nodejs',
1 verbose cli   '/usr/bin/npm',
1 verbose cli   'install',
1 verbose cli   '--save',
1 verbose cli   'jquery',
1 verbose cli   'popper.js.' ]
2 info using npm@3.5.2
3 info using node@v4.2.6
4 warn invalid config proxy="="
5 warn invalid config Must be a full url with 'http://'
6 silly loadCurrentTree Starting
7 silly install loadCurrentTree
8 silly install readLocalPackageData
9 silly fetchPackageMetaData jquery
10 silly fetchPackageMetaData popper.js.
11 silly fetchNamedPackageData jquery
12 silly mapToRegistry name jquery
13 silly mapToRegistry using default registry
14 silly mapToRegistry registry http://registry.npmjs.org/
15 silly mapToRegistry uri http://registry.npmjs.org/jquery
16 silly fetchNamedPackageData popper.js.
17 silly mapToRegistry name popper.js.
18 silly mapToRegistry using default registry
19 silly mapToRegistry registry http://registry.npmjs.org/
20 silly mapToRegistry uri http://registry.npmjs.org/popper.js.
21 verbose request uri http://registry.npmjs.org/jquery
22 verbose request no auth needed
23 info attempt registry request try #1 at 9:35:40
24 verbose request id 675bc6a33d06e1b5
25 http request GET http://registry.npmjs.org/jquery
26 verbose request uri http://registry.npmjs.org/popper.js.
27 verbose request no auth needed
28 info attempt registry request try #1 at 9:35:40
29 http request GET http://registry.npmjs.org/popper.js.
30 http 200 http://registry.npmjs.org/jquery
31 verbose headers { 'content-type': 'application/json; charset=UTF-8',
31 verbose headers   server: 'UploadServer',
31 verbose headers   'cache-control': 'max-age=300',
31 verbose headers   'last-modified': 'Sat, 17 Mar 2018 4:05:56 GMT',
31 verbose headers   etag: '"5aac9424-17db2"',
31 verbose headers   'x-npm-region': 'EU-East',
31 verbose headers   'content-encoding': 'gzip',
31 verbose headers   'content-length': '12029',
31 verbose headers   'accept-ranges': 'bytes',
31 verbose headers   date: 'Sun, 25 Mar 2018 06:35:40 GMT',
31 verbose headers   via: '1.1 varnish',
31 verbose headers   age: '8140',
31 verbose headers   connection: 'keep-alive',
31 verbose headers   'x-served-by': 'cache-hhn1529-HHN',
31 verbose headers   'x-cache': 'HIT',
31 verbose headers   'x-cache-hits': '9',
31 verbose headers   'x-timer': 'S1521959740.327075,VS0,VE0',
31 verbose headers   vary: 'Accept-Encoding, Accept' }
32 silly get cb [ 200,
32 silly get   { 'content-type': 'application/json; charset=UTF-8',
32 silly get     server: 'UploadServer',
32 silly get     'cache-control': 'max-age=300',
32 silly get     'last-modified': 'Sat, 17 Mar 2018 4:05:56 GMT',
32 silly get     etag: '"5aac9424-17db2"',
32 silly get     'x-npm-region': 'EU-East',
32 silly get     'content-encoding': 'gzip',
32 silly get     'content-length': '12029',
32 silly get     'accept-ranges': 'bytes',
32 silly get     date: 'Sun, 25 Mar 2018 06:35:40 GMT',
32 silly get     via: '1.1 varnish',
32 silly get     age: '8140',
32 silly get     connection: 'keep-alive',
32 silly get     'x-served-by': 'cache-hhn1529-HHN',
32 silly get     'x-cache': 'HIT',
32 silly get     'x-cache-hits': '9',
32 silly get     'x-timer': 'S1521959740.327075,VS0,VE0',
32 silly get     vary: 'Accept-Encoding, Accept' } ]
33 verbose get saving jquery to /home/evgeniya/.npm/registry.npmjs.org/jquery/.cache.json
34 http 404 http://registry.npmjs.org/popper.js.
35 verbose headers { 'content-type': 'application/json',
35 verbose headers   'cache-control': 'max-age=0',
35 verbose headers   'content-length': '2',
35 verbose headers   'accept-ranges': 'bytes',
35 verbose headers   date: 'Sun, 25 Mar 2018 06:35:41 GMT',
35 verbose headers   via: '1.1 varnish',
35 verbose headers   connection: 'keep-alive',
35 verbose headers   'x-served-by': 'cache-hhn1546-HHN',
35 verbose headers   'x-cache': 'MISS',
35 verbose headers   'x-cache-hits': '0',
35 verbose headers   'x-timer': 'S1521959740.328327,VS0,VE1272',
35 verbose headers   vary: 'Accept-Encoding' }
36 silly get cb [ 404,
36 silly get   { 'content-type': 'application/json',
36 silly get     'cache-control': 'max-age=0',
36 silly get     'content-length': '2',
36 silly get     'accept-ranges': 'bytes',
36 silly get     date: 'Sun, 25 Mar 2018 06:35:41 GMT',
36 silly get     via: '1.1 varnish',
36 silly get     connection: 'keep-alive',
36 silly get     'x-served-by': 'cache-hhn1546-HHN',
36 silly get     'x-cache': 'MISS',
36 silly get     'x-cache-hits': '0',
36 silly get     'x-timer': 'S1521959740.328327,VS0,VE1272',
36 silly get     vary: 'Accept-Encoding' } ]
37 silly fetchPackageMetaData Error: Registry returned 404 for GET on http://registry.npmjs.org/popper.js.
37 silly fetchPackageMetaData     at makeError (/usr/share/npm/node_modules/npm-registry-client/lib/request.js:264:12)
37 silly fetchPackageMetaData     at CachingRegistryClient.<anonymous> (/usr/share/npm/node_modules/npm-registry-client/lib/request.js:242:14)
37 silly fetchPackageMetaData     at Request._callback (/usr/share/npm/node_modules/npm-registry-client/lib/request.js:172:14)
37 silly fetchPackageMetaData     at Request.self.callback (/usr/share/npm/node_modules/request/request.js:198:22)
37 silly fetchPackageMetaData     at emitTwo (events.js:87:13)
37 silly fetchPackageMetaData     at Request.emit (events.js:172:7)
37 silly fetchPackageMetaData     at Request.<anonymous> (/usr/share/npm/node_modules/request/request.js:1082:10)
37 silly fetchPackageMetaData     at emitOne (events.js:82:20)
37 silly fetchPackageMetaData     at Request.emit (events.js:169:7)
37 silly fetchPackageMetaData     at IncomingMessage.<anonymous> (/usr/share/npm/node_modules/request/request.js:1009:12)
37 silly fetchPackageMetaData  error for popper.js. { [Error: Registry returned 404 for GET on http://registry.npmjs.org/popper.js.] pkgid: 'popper.js.', statusCode: 404, code: 'E404' }
38 silly rollbackFailedOptional Starting
39 silly rollbackFailedOptional Finishing
40 silly runTopLevelLifecycles Starting
41 silly runTopLevelLifecycles Finishing
42 silly install printInstalled
43 verbose stack Error: Registry returned 404 for GET on http://registry.npmjs.org/popper.js.
43 verbose stack     at makeError (/usr/share/npm/node_modules/npm-registry-client/lib/request.js:264:12)
43 verbose stack     at CachingRegistryClient.<anonymous> (/usr/share/npm/node_modules/npm-registry-client/lib/request.js:242:14)
43 verbose stack     at Request._callback (/usr/share/npm/node_modules/npm-registry-client/lib/request.js:172:14)
43 verbose stack     at Request.self.callback (/usr/share/npm/node_modules/request/request.js:198:22)
43 verbose stack     at emitTwo (events.js:87:13)
43 verbose stack     at Request.emit (events.js:172:7)
43 verbose stack     at Request.<anonymous> (/usr/share/npm/node_modules/request/request.js:1082:10)
43 verbose stack     at emitOne (events.js:82:20)
43 verbose stack     at Request.emit (events.js:169:7)
43 verbose stack     at IncomingMessage.<anonymous> (/usr/share/npm/node_modules/request/request.js:1009:12)
44 verbose statusCode 404
45 verbose pkgid popper.js.
46 verbose cwd /home/evgeniya/PhpstormProjects/literarySpace
47 error Linux 4.13.0-37-generic
48 error argv "/usr/bin/nodejs" "/usr/bin/npm" "install" "--save" "jquery" "popper.js."
49 error node v4.2.6
50 error npm  v3.5.2
51 error code E404
52 error 404 Registry returned 404 for GET on http://registry.npmjs.org/popper.js.
53 error 404
54 error 404 'popper.js.' is not in the npm registry.
55 error 404 You should bug the author to publish it (or use the name yourself!)
56 error 404 Note that you can also install from a
57 error 404 tarball, folder, http url, or git url.
58 verbose exit [ 1, true ]
